<?xml version="1.0" encoding="UTF-8"?>
<testsuite xmlns:xsi="http://www.w3.org/2001/XMLSchema-instance" xsi:noNamespaceSchemaLocation="https://maven.apache.org/surefire/maven-surefire-plugin/xsd/surefire-test-report-3.0.xsd" version="3.0" name="TestSuite" time="788.906" tests="36" errors="0" skipped="0" failures="1">
  <properties>
[...]
</properties>
  <testcase name="AddressBookAccessAddNewEntryPage" classname="AutomationTest.AddEntry" time="1.981"/>
  <testcase name="AddressBookAccessMainMenuPage" classname="AutomationTest.AddEntry" time="1.25"/>
  <testcase name="AddressBookListAllEntries" classname="AutomationTest.AddEntry" time="1.295"/>
  <testcase name="CheckFieldsAddNewEntryPage" classname="AutomationTest.AddEntry" time="2.372"/>
  <testcase name="TestAddNewEntry" classname="AutomationTest.AddEntry" time="6.377"/>
  <testcase name="TestAddNewEntry" classname="AutomationTest.AddEntry" time="6.049"/>
  <testcase name="TestAddNewEntry" classname="AutomationTest.AddEntry" time="6.336"/>
  <testcase name="TestAddNewEntry" classname="AutomationTest.AddEntry" time="5.868"/>
  <testcase name="TestAddNewEntry" classname="AutomationTest.AddEntry" time="6.42"/>
  <testcase name="TestAddNewEntry" classname="AutomationTest.AddEntry" time="8.188"/>
  <testcase name="TestAddNewEntry" classname="AutomationTest.AddEntry" time="6.33"/>
  <testcase name="TestAddNewEntry" classname="AutomationTest.AddEntry" time="6.514"/>
  <testcase name="TestAddNewEntry" classname="AutomationTest.AddEntry" time="6.609"/>
  <testcase name="TestAddNewEntry" classname="AutomationTest.AddEntry" time="6.118"/>
  <testcase name="TestAddNewEntry" classname="AutomationTest.AddEntry" time="7.272"/>
  <testcase name="TestAddNewEntry" classname="AutomationTest.AddEntry" time="6.735"/>
  <testcase name="TestAddNewEntry" classname="AutomationTest.AddEntry" time="6.837"/>
  <testcase name="TestAddNewEntry" classname="AutomationTest.AddEntry" time="7.746"/>
  <testcase name="TestAddNewEntry" classname="AutomationTest.AddEntry" time="9.685"/>
  <testcase name="TestAddNewEntry" classname="AutomationTest.AddEntry" time="7.867"/>
  <testcase name="TestAddNewEntry" classname="AutomationTest.AddEntry" time="17.519"/>
  <testcase name="TestAddNewEntry" classname="AutomationTest.AddEntry" time="10.295"/>
  <testcase name="TestAddNewEntry" classname="AutomationTest.AddEntry" time="9.631"/>
  <testcase name="TestAddNewEntry" classname="AutomationTest.AddEntry" time="8.176"/>
  <testcase name="TestEmailPhoneWebValidation" classname="AutomationTest.AddEntry" time="1.652"/>
  <testcase name="TestNameFieldsValidation" classname="AutomationTest.AddEntry" time="2.385"/>
  <testcase name="TestCancelButton" classname="AutomationTest.EditEntry" time="1.95"/>
  <testcase name="TestClearButton" classname="AutomationTest.EditEntry" time="3.485">
    <failure message="expected [true] but found [false]" type="java.lang.AssertionError">java.lang.AssertionError: expected [true] but found [false]
	at AutomationTest.EditEntry.TestClearButton(EditEntry.java:108)
</failure>
    <system-err><![CDATA[Starting ChromeDriver 107.0.5304.62 (1eec40d3a5764881c92085aaee66d25075c159aa-refs/branch-heads/5304@{#942}) on port 44548
Only local connections are allowed.
Please see https://chromedriver.chromium.org/security-considerations for suggestions on keeping ChromeDriver safe.
ChromeDriver was started successfully.
[1671140391.125][WARNING]: This version of ChromeDriver has not been tested with Chrome version 108.
Dec 15, 2022 4:40:14 PM org.openqa.selenium.devtools.CdpVersionFinder findNearestMatch
WARNING: Unable to find an exact match for CDP version 108, so returning the closest version found: 106
]]></system-err>
  </testcase>
  <testcase name="TestEditContactButton" classname="AutomationTest.EditEntry" time="1.547"/>
  <testcase name="TestEditContactURL" classname="AutomationTest.EditEntry" time="2.015"/>
  <testcase name="TestEditEmailAddressPhoneValidation" classname="AutomationTest.EditEntry" time="8.628"/>
  <testcase name="TestEditFunctionality" classname="AutomationTest.EditEntry" time="15.719"/>
  <testcase name="TestEditNamesValidation" classname="AutomationTest.EditEntry" time="9.015"/>
  <testcase name="TestDisplayedResults" classname="AutomationTest.ViewEntry" time="2.857"/>
  <testcase name="TestReturnButton" classname="AutomationTest.ViewEntry" time="2.437"/>
  <testcase name="TestViewEntryButton" classname="AutomationTest.ViewEntry" time="2.244"/>
</testsuite>